Using pre-set license
Built from '2020.2/release' branch; Version is '2020.2.2f1 (068178b99f32) revision 426360'; Using compiler version '192528614'; Build Type 'Release'
OS: 'Windows 10 Home Single Language; OS build 19041.746; Version 2004; 64bit' Language: 'pt' Physical Memory: 16267 MB
BatchMode: 1, IsHumanControllingUs: 0, StartBugReporterOnCrash: 0, Is64bit: 1, IsPro: 0

 COMMAND LINE ARGUMENTS:
C:\Program Files\Unity\Hub\Editor\2020.2.2f1\Editor\Unity.exe
-adb2
-batchMode
-noUpm
-name
AssetImportWorker0
-projectPath
D:/viga/UnityProjects/GitHubProjects/GGJ2021/YesIFound
-logFile
Logs/AssetImportWorker0.log
-srvPort
52767
Successfully changed project path to: D:/viga/UnityProjects/GitHubProjects/GGJ2021/YesIFound
D:/viga/UnityProjects/GitHubProjects/GGJ2021/YesIFound
Using Asset Import Pipeline V2.
Refreshing native plugins compatible for Editor in 56.38 ms, found 0 plugins.
Preloading 0 native plugins for Editor in 0.00 ms.
Initialize engine version: 2020.2.2f1 (068178b99f32)
[Subsystems] Discovering subsystems at path C:/Program Files/Unity/Hub/Editor/2020.2.2f1/Editor/Data/Resources/UnitySubsystems
[Subsystems] Discovering subsystems at path D:/viga/UnityProjects/GitHubProjects/GGJ2021/YesIFound/Assets
GfxDevice: creating device client; threaded=0
Direct3D:
    Version:  Direct3D 11.0 [level 11.1]
    Renderer: NVIDIA GeForce GTX 1060 (ID=0x1c20)
    Vendor:   
    VRAM:     6052 MB
    Driver:   27.21.14.5671
Initialize mono
Mono path[0] = 'C:/Program Files/Unity/Hub/Editor/2020.2.2f1/Editor/Data/Managed'
Mono path[1] = 'C:/Program Files/Unity/Hub/Editor/2020.2.2f1/Editor/Data/MonoBleedingEdge/lib/mono/unityjit'
Mono config path = 'C:/Program Files/Unity/Hub/Editor/2020.2.2f1/Editor/Data/MonoBleedingEdge/etc'
Using monoOptions --debugger-agent=transport=dt_socket,embedding=1,server=y,suspend=n,address=127.0.0.1:56676
Begin MonoManager ReloadAssembly
Registering precompiled unity dll's ...
Register platform support module: C:/Program Files/Unity/Hub/Editor/2020.2.2f1/Editor/Data/PlaybackEngines/MacStandaloneSupport/UnityEditor.OSXStandalone.Extensions.dll
Register platform support module: C:/Program Files/Unity/Hub/Editor/2020.2.2f1/Editor/Data/PlaybackEngines/WindowsStandaloneSupport/UnityEditor.WindowsStandalone.Extensions.dll
Registered in 0.004084 seconds.
Native extension for WindowsStandalone target not found
Native extension for OSXStandalone target not found
Refreshing native plugins compatible for Editor in 55.67 ms, found 0 plugins.
Preloading 0 native plugins for Editor in 0.00 ms.
Invoked RoslynAnalysisRunner static constructor.
RoslynAnalysisRunner will not be running.
RoslynAnalysisRunner has terminated.
Mono: successfully reloaded assembly
- Completed reload, in  1.530 seconds
Platform modules already initialized, skipping
Registering precompiled user dll's ...
Registered in 0.002466 seconds.
Begin MonoManager ReloadAssembly
Native extension for WindowsStandalone target not found
Native extension for OSXStandalone target not found
Refreshing native plugins compatible for Editor in 58.69 ms, found 0 plugins.
Preloading 0 native plugins for Editor in 0.00 ms.
Invoked RoslynAnalysisRunner static constructor.
RoslynAnalysisRunner will not be running.
RoslynAnalysisRunner has terminated.
Mono: successfully reloaded assembly
- Completed reload, in  1.311 seconds
Platform modules already initialized, skipping
========================================================================
Worker process is ready to serve import requests
Shader 'Universal Render Pipeline/Particles/Lit': fallback shader 'Universal Render Pipeline/Particles/SimpleLit' not found
Shader 'Universal Render Pipeline/Particles/Lit': fallback shader 'Universal Render Pipeline/Particles/SimpleLit' not found
Launched and connected shader compiler UnityShaderCompiler.exe after 0.33 seconds
Refreshing native plugins compatible for Editor in 0.41 ms, found 0 plugins.
Preloading 0 native plugins for Editor in 0.00 ms.
Unloading 2393 Unused Serialized files (Serialized files now loaded: 0)
System memory in use before: 111.0 MB.
System memory in use after: 108.9 MB.

Unloading 46 unused Assets to reduce memory usage. Loaded Objects now: 2799.
Total: 3.836600 ms (FindLiveObjects: 0.345900 ms CreateObjectMapping: 0.139300 ms MarkObjects: 1.978200 ms  DeleteObjects: 1.371400 ms)

========================================================================
Received Import Request.
  path: Assets/Animations
  artifactKey: Guid(56dfa6b84b6fd074ba603f2a4036676f) Importer(815301076,1909f56bfc062723c751e8b465ee728b)
Start importing Assets/Animations using Guid(56dfa6b84b6fd074ba603f2a4036676f) Importer(815301076,1909f56bfc062723c751e8b465ee728b)  -> (artifact id: 'b09f954fd76beba7b57ed7e6cc74cfa0') in 0.007753 seconds
  Import took 0.012381 seconds .

========================================================================
Received Import Request.
  Time since last request: 0.000353 seconds.
  path: Assets/Scenes
  artifactKey: Guid(ec3724e32cb0d5a46b7579ec5cfe2d61) Importer(815301076,1909f56bfc062723c751e8b465ee728b)
Start importing Assets/Scenes using Guid(ec3724e32cb0d5a46b7579ec5cfe2d61) Importer(815301076,1909f56bfc062723c751e8b465ee728b)  -> (artifact id: '1ab2a3879bc9ac19be1f56d368a63f2c') in 0.004803 seconds
  Import took 0.009007 seconds .

========================================================================
Received Import Request.
  Time since last request: 0.000291 seconds.
  path: Assets/Sounds
  artifactKey: Guid(e1146f7374dc7e34aacb56522142992c) Importer(815301076,1909f56bfc062723c751e8b465ee728b)
Start importing Assets/Sounds using Guid(e1146f7374dc7e34aacb56522142992c) Importer(815301076,1909f56bfc062723c751e8b465ee728b)  -> (artifact id: 'f8f6c5d2c07e2d069c75bd2838634071') in 0.006091 seconds
  Import took 0.011690 seconds .

========================================================================
Received Import Request.
  Time since last request: 2.062564 seconds.
  path: Assets/URP
  artifactKey: Guid(a91341ec384377246a0a35124f3d3392) Importer(815301076,1909f56bfc062723c751e8b465ee728b)
Start importing Assets/URP using Guid(a91341ec384377246a0a35124f3d3392) Importer(815301076,1909f56bfc062723c751e8b465ee728b)  -> (artifact id: '49eb1a0a992db8fd0784186d80c261f3') in 0.007140 seconds
  Import took 0.011629 seconds .

