Using pre-set license
Built from '2020.2/release' branch; Version is '2020.2.2f1 (068178b99f32) revision 426360'; Using compiler version '192528614'; Build Type 'Release'
OS: 'Windows 10 Home; OS build 19042.631; Version 2009; 64bit' Language: 'pt' Physical Memory: 16307 MB
BatchMode: 1, IsHumanControllingUs: 0, StartBugReporterOnCrash: 0, Is64bit: 1, IsPro: 0

 COMMAND LINE ARGUMENTS:
C:\Program Files\Unity\Hub\Editor\2020.2.2f1\Editor\Unity.exe
-adb2
-batchMode
-noUpm
-name
AssetImportWorker0
-projectPath
D:/Game Jam/GGJ2021/YesIFound
-logFile
Logs/AssetImportWorker0.log
-srvPort
50043
Successfully changed project path to: D:/Game Jam/GGJ2021/YesIFound
D:/Game Jam/GGJ2021/YesIFound
Using Asset Import Pipeline V2.
Refreshing native plugins compatible for Editor in 35.16 ms, found 0 plugins.
Preloading 0 native plugins for Editor in 0.00 ms.
Initialize engine version: 2020.2.2f1 (068178b99f32)
[Subsystems] Discovering subsystems at path C:/Program Files/Unity/Hub/Editor/2020.2.2f1/Editor/Data/Resources/UnitySubsystems
[Subsystems] Discovering subsystems at path D:/Game Jam/GGJ2021/YesIFound/Assets
GfxDevice: creating device client; threaded=0
Direct3D:
    Version:  Direct3D 11.0 [level 11.1]
    Renderer: NVIDIA GeForce GTX 1660 SUPER (ID=0x21c4)
    Vendor:   
    VRAM:     5991 MB
    Driver:   27.21.14.6140
Initialize mono
Mono path[0] = 'C:/Program Files/Unity/Hub/Editor/2020.2.2f1/Editor/Data/Managed'
Mono path[1] = 'C:/Program Files/Unity/Hub/Editor/2020.2.2f1/Editor/Data/MonoBleedingEdge/lib/mono/unityjit'
Mono config path = 'C:/Program Files/Unity/Hub/Editor/2020.2.2f1/Editor/Data/MonoBleedingEdge/etc'
Using monoOptions --debugger-agent=transport=dt_socket,embedding=1,server=y,suspend=n,address=127.0.0.1:56224
Begin MonoManager ReloadAssembly
Registering precompiled unity dll's ...
Register platform support module: C:/Program Files/Unity/Hub/Editor/2020.2.2f1/Editor/Data/PlaybackEngines/WindowsStandaloneSupport/UnityEditor.WindowsStandalone.Extensions.dll
Registered in 0.001087 seconds.
Native extension for WindowsStandalone target not found
Refreshing native plugins compatible for Editor in 37.76 ms, found 0 plugins.
Preloading 0 native plugins for Editor in 0.00 ms.
Invoked RoslynAnalysisRunner static constructor.
RoslynAnalysisRunner will not be running.
RoslynAnalysisRunner has terminated.
Mono: successfully reloaded assembly
- Completed reload, in  1.307 seconds
Platform modules already initialized, skipping
Registering precompiled user dll's ...
Registered in 0.000734 seconds.
Begin MonoManager ReloadAssembly
Native extension for WindowsStandalone target not found
Refreshing native plugins compatible for Editor in 38.66 ms, found 0 plugins.
Preloading 0 native plugins for Editor in 0.00 ms.
Invoked RoslynAnalysisRunner static constructor.
RoslynAnalysisRunner will not be running.
RoslynAnalysisRunner has terminated.
Mono: successfully reloaded assembly
- Completed reload, in  0.769 seconds
Platform modules already initialized, skipping
========================================================================
Worker process is ready to serve import requests
Shader 'Universal Render Pipeline/Particles/Lit': fallback shader 'Universal Render Pipeline/Particles/SimpleLit' not found
Shader 'Universal Render Pipeline/Particles/Lit': fallback shader 'Universal Render Pipeline/Particles/SimpleLit' not found
Launched and connected shader compiler UnityShaderCompiler.exe after 0.02 seconds
Refreshing native plugins compatible for Editor in 0.39 ms, found 0 plugins.
Preloading 0 native plugins for Editor in 0.00 ms.
Unloading 2393 Unused Serialized files (Serialized files now loaded: 0)
System memory in use before: 110.9 MB.
System memory in use after: 108.8 MB.

Unloading 46 unused Assets to reduce memory usage. Loaded Objects now: 2799.
Total: 2.917700 ms (FindLiveObjects: 0.261500 ms CreateObjectMapping: 0.111000 ms MarkObjects: 1.421500 ms  DeleteObjects: 1.123200 ms)

========================================================================
Received Import Request.
  path: Assets/URP/Scenes
  artifactKey: Guid(ec3724e32cb0d5a46b7579ec5cfe2d61) Importer(815301076,1909f56bfc062723c751e8b465ee728b)
Start importing Assets/URP/Scenes using Guid(ec3724e32cb0d5a46b7579ec5cfe2d61) Importer(815301076,1909f56bfc062723c751e8b465ee728b)  -> (artifact id: '48416db0650d729c9e69e96ec7f9c095') in 0.006771 seconds
  Import took 0.010081 seconds .

========================================================================
Received Import Request.
  Time since last request: 54.163226 seconds.
  path: Assets/Scripts
  artifactKey: Guid(02a3527b6b33a924e8ec66aa805ea717) Importer(815301076,1909f56bfc062723c751e8b465ee728b)
Start importing Assets/Scripts using Guid(02a3527b6b33a924e8ec66aa805ea717) Importer(815301076,1909f56bfc062723c751e8b465ee728b)  -> (artifact id: '0bc09d2ecb3df512a7eb8ff4bd89b81f') in 0.004839 seconds
  Import took 0.008449 seconds .

========================================================================
Received Import Request.
  Time since last request: 7.274405 seconds.
  path: Assets/Animations
  artifactKey: Guid(56dfa6b84b6fd074ba603f2a4036676f) Importer(815301076,1909f56bfc062723c751e8b465ee728b)
Start importing Assets/Animations using Guid(56dfa6b84b6fd074ba603f2a4036676f) Importer(815301076,1909f56bfc062723c751e8b465ee728b)  -> (artifact id: '573a6a2c95d3145a08dd71a8fd28c090') in 0.004469 seconds
  Import took 0.007881 seconds .

========================================================================
Received Import Request.
  Time since last request: 8.441511 seconds.
  path: Assets/Sprites
  artifactKey: Guid(e5e5f94f216fcca4d8177e498a5d9e87) Importer(815301076,1909f56bfc062723c751e8b465ee728b)
Start importing Assets/Sprites using Guid(e5e5f94f216fcca4d8177e498a5d9e87) Importer(815301076,1909f56bfc062723c751e8b465ee728b)  -> (artifact id: '0613205aa1d60c99c5932e9c9a8234b4') in 0.005883 seconds
  Import took 0.009026 seconds .

========================================================================
Received Import Request.
  Time since last request: 0.001544 seconds.
  path: Assets/Sprites
  artifactKey: Guid(e5e5f94f216fcca4d8177e498a5d9e87) Importer(815301076,1909f56bfc062723c751e8b465ee728b)
Start importing Assets/Sprites using Guid(e5e5f94f216fcca4d8177e498a5d9e87) Importer(815301076,1909f56bfc062723c751e8b465ee728b)  -> (artifact id: '0613205aa1d60c99c5932e9c9a8234b4') in 0.001250 seconds
  Import took 0.004284 seconds .

========================================================================
Received Import Request.
  Time since last request: 7.826852 seconds.
  path: Assets/Sounds
  artifactKey: Guid(e1146f7374dc7e34aacb56522142992c) Importer(815301076,1909f56bfc062723c751e8b465ee728b)
Start importing Assets/Sounds using Guid(e1146f7374dc7e34aacb56522142992c) Importer(815301076,1909f56bfc062723c751e8b465ee728b)  -> (artifact id: '150ce768daaf83a5ffdfe29a8c000f3b') in 0.004232 seconds
  Import took 0.007307 seconds .

========================================================================
Received Import Request.
  Time since last request: 0.001650 seconds.
  path: Assets/Sounds
  artifactKey: Guid(e1146f7374dc7e34aacb56522142992c) Importer(815301076,1909f56bfc062723c751e8b465ee728b)
Start importing Assets/Sounds using Guid(e1146f7374dc7e34aacb56522142992c) Importer(815301076,1909f56bfc062723c751e8b465ee728b)  -> (artifact id: '150ce768daaf83a5ffdfe29a8c000f3b') in 0.001218 seconds
  Import took 0.004361 seconds .

========================================================================
Received Import Request.
  Time since last request: 27.411965 seconds.
  path: Assets/Scenes/Setup.unity
  artifactKey: Guid(e3f3af2788b7b9944b3ed0c446af68ad) Importer(815301076,1909f56bfc062723c751e8b465ee728b)
Start importing Assets/Scenes/Setup.unity using Guid(e3f3af2788b7b9944b3ed0c446af68ad) Importer(815301076,1909f56bfc062723c751e8b465ee728b)  -> (artifact id: '00a0040cf7a37bca7d4aca1fc92cfaf1') in 0.012258 seconds
  Import took 0.015333 seconds .

